app/build/intermediates/manifest_merge_blame_file/debug/processDebugMainManifest/manifest-merger-blame-debug-report.txt
1<?xml version="1.0" encoding="utf-8"?>
2<manifest xmlns:android="http://schemas.android.com/apk/res/android"
3    package="com.awridi.ai"
4    android:versionCode="31"
5    android:versionName="3.1" >
6
7    <uses-sdk
8        android:minSdkVersion="23"
9        android:targetSdkVersion="35" />
10
11    <uses-permission android:name="android.permission.INTERNET" />
11-->src/main/AndroidManifest.xml:2:1-62
11-->src/main/AndroidManifest.xml:2:18-60
12
13    <application
13-->src/main/AndroidManifest.xml:3:1-9:15
14        android:allowBackup="true"
14-->src/main/AndroidManifest.xml:3:72-98
15        android:debuggable="true"
16        android:extractNativeLibs="false"
17        android:label="AWRIDI AI"
17-->src/main/AndroidManifest.xml:3:46-71
18        android:supportsRtl="true"
18-->src/main/AndroidManifest.xml:3:99-125
19        android:theme="@style/AppTheme" >
19-->src/main/AndroidManifest.xml:3:14-45
20        <activity
20-->src/main/AndroidManifest.xml:4:1-8:12
21            android:name="com.awridi.ai.MainActivity"
21-->src/main/AndroidManifest.xml:4:11-39
22            android:exported="true"
22-->src/main/AndroidManifest.xml:4:77-100
23            android:screenOrientation="portrait" >
23-->src/main/AndroidManifest.xml:4:40-76
24            <intent-filter>
24-->src/main/AndroidManifest.xml:5:1-7:17
25                <action android:name="android.intent.action.MAIN" />
25-->src/main/AndroidManifest.xml:6:1-52
25-->src/main/AndroidManifest.xml:6:9-50
26
27                <category android:name="android.intent.category.LAUNCHER" />
27-->src/main/AndroidManifest.xml:6:52-111
27-->src/main/AndroidManifest.xml:6:62-109
28            </intent-filter>
29        </activity>
30    </application>
31
32</manifest>